# JRE version: Java(TM) SE Runtime Environment (8.0_66-b18) (build 1.8.0_66-b18)
# Java VM: Java HotSpot(TM) 64-Bit Server VM (25.66-b18 mixed mode windows-amd64 compressed oops)
Heap:
 PSYoungGen      total 49664K, used 25334K [0x00000007bc400000, 0x00000007c0000000, 0x00000007c0000000)
  eden space 38400K, 57% used [0x00000007bc400000,0x00000007bd9b3320,0x00000007be980000)
  from space 11264K, 27% used [0x00000007be980000,0x00000007bec8a730,0x00000007bf480000)
  to   space 10240K, 0% used [0x00000007bf600000,0x00000007bf600000,0x00000007c0000000)
 ParOldGen       total 236032K, used 59033K [0x0000000700000000, 0x000000070e680000, 0x00000007bc400000)
  object space 236032K, 25% used [0x0000000700000000,0x00000007039a66c0,0x000000070e680000)
 Metaspace       used 63846K, capacity 64248K, committed 64512K, reserved 1105920K
  class space    used 8597K, capacity 8698K, committed 8704K, reserved 1048576K
GC Heap History (10 events):
Event: 38697.131 GC heap before
{Heap before GC invocations=9121 (full 1382):
 PSYoungGen      total 47616K, used 34049K [0x00000007bc400000, 0x00000007c0000000, 0x00000007c0000000)
  eden space 33280K, 100% used [0x00000007bc400000,0x00000007be480000,0x00000007be480000)
  from space 14336K, 5% used [0x00000007bf200000,0x00000007bf2c06e0,0x00000007c0000000)
  to   space 13824K, 0% used [0x00000007be480000,0x00000007be480000,0x00000007bf200000)
 ParOldGen       total 236032K, used 59033K [0x0000000700000000, 0x000000070e680000, 0x00000007bc400000)
  object space 236032K, 25% used [0x0000000700000000,0x00000007039a66c0,0x000000070e680000)
 Metaspace       used 63835K, capacity 64248K, committed 64512K, reserved 1105920K
  class space    used 8596K, capacity 8698K, committed 8704K, reserved 1048576K
Event: 38697.134 GC heap after
Heap after GC invocations=9121 (full 1382):
 PSYoungGen      total 47104K, used 833K [0x00000007bc400000, 0x00000007c0000000, 0x00000007c0000000)
  eden space 33280K, 0% used [0x00000007bc400000,0x00000007bc400000,0x00000007be480000)
  from space 13824K, 6% used [0x00000007be480000,0x00000007be5506e0,0x00000007bf200000)
  to   space 13312K, 0% used [0x00000007bf300000,0x00000007bf300000,0x00000007c0000000)
 ParOldGen       total 236032K, used 59033K [0x0000000700000000, 0x000000070e680000, 0x00000007bc400000)
  object space 236032K, 25% used [0x0000000700000000,0x00000007039a66c0,0x000000070e680000)
 Metaspace       used 63835K, capacity 64248K, committed 64512K, reserved 1105920K
  class space    used 8596K, capacity 8698K, committed 8704K, reserved 1048576K
}
Event: 38697.494 GC heap before
{Heap before GC invocations=9122 (full 1382):
 PSYoungGen      total 47104K, used 34113K [0x00000007bc400000, 0x00000007c0000000, 0x00000007c0000000)
  eden space 33280K, 100% used [0x00000007bc400000,0x00000007be480000,0x00000007be480000)
  from space 13824K, 6% used [0x00000007be480000,0x00000007be5506e0,0x00000007bf200000)
  to   space 13312K, 0% used [0x00000007bf300000,0x00000007bf300000,0x00000007c0000000)
 ParOldGen       total 236032K, used 59033K [0x0000000700000000, 0x000000070e680000, 0x00000007bc400000)
  object space 236032K, 25% used [0x0000000700000000,0x00000007039a66c0,0x000000070e680000)
 Metaspace       used 63835K, capacity 64248K, committed 64512K, reserved 1105920K
  class space    used 8596K, capacity 8698K, committed 8704K, reserved 1048576K
Event: 38697.497 GC heap after
Heap after GC invocations=9122 (full 1382):
 PSYoungGen      total 48640K, used 866K [0x00000007bc400000, 0x00000007c0000000, 0x00000007c0000000)
  eden space 35328K, 0% used [0x00000007bc400000,0x00000007bc400000,0x00000007be680000)
  from space 13312K, 6% used [0x00000007bf300000,0x00000007bf3d89a8,0x00000007c0000000)
  to   space 12800K, 0% used [0x00000007be680000,0x00000007be680000,0x00000007bf300000)
 ParOldGen       total 236032K, used 59033K [0x0000000700000000, 0x000000070e680000, 0x00000007bc400000)
  object space 236032K, 25% used [0x0000000700000000,0x00000007039a66c0,0x000000070e680000)
 Metaspace       used 63835K, capacity 64248K, committed 64512K, reserved 1105920K
  class space    used 8596K, capacity 8698K, committed 8704K, reserved 1048576K
}
Event: 38697.849 GC heap before
{Heap before GC invocations=9123 (full 1382):
 PSYoungGen      total 48640K, used 36194K [0x00000007bc400000, 0x00000007c0000000, 0x00000007c0000000)
  eden space 35328K, 100% used [0x00000007bc400000,0x00000007be680000,0x00000007be680000)
  from space 13312K, 6% used [0x00000007bf300000,0x00000007bf3d89a8,0x00000007c0000000)
  to   space 12800K, 0% used [0x00000007be680000,0x00000007be680000,0x00000007bf300000)
 ParOldGen       total 236032K, used 59033K [0x0000000700000000, 0x000000070e680000, 0x00000007bc400000)
  object space 236032K, 25% used [0x0000000700000000,0x00000007039a66c0,0x000000070e680000)
 Metaspace       used 63838K, capacity 64248K, committed 64512K, reserved 1105920K
  class space    used 8597K, capacity 8698K, committed 8704K, reserved 1048576K
Event: 38697.852 GC heap after
Heap after GC invocations=9123 (full 1382):
 PSYoungGen      total 48128K, used 1185K [0x00000007bc400000, 0x00000007c0000000, 0x00000007c0000000)
  eden space 35328K, 0% used [0x00000007bc400000,0x00000007bc400000,0x00000007be680000)
  from space 12800K, 9% used [0x00000007be680000,0x00000007be7a86e0,0x00000007bf300000)
  to   space 11776K, 0% used [0x00000007bf480000,0x00000007bf480000,0x00000007c0000000)
 ParOldGen       total 236032K, used 59033K [0x0000000700000000, 0x000000070e680000, 0x00000007bc400000)
  object space 236032K, 25% used [0x0000000700000000,0x00000007039a66c0,0x000000070e680000)
 Metaspace       used 63838K, capacity 64248K, committed 64512K, reserved 1105920K
  class space    used 8597K, capacity 8698K, committed 8704K, reserved 1048576K
}
Event: 38699.124 GC heap before
{Heap before GC invocations=9124 (full 1382):
 PSYoungGen      total 48128K, used 36513K [0x00000007bc400000, 0x00000007c0000000, 0x00000007c0000000)
  eden space 35328K, 100% used [0x00000007bc400000,0x00000007be680000,0x00000007be680000)
  from space 12800K, 9% used [0x00000007be680000,0x00000007be7a86e0,0x00000007bf300000)
  to   space 11776K, 0% used [0x00000007bf480000,0x00000007bf480000,0x00000007c0000000)
 ParOldGen       total 236032K, used 59033K [0x0000000700000000, 0x000000070e680000, 0x00000007bc400000)
  object space 236032K, 25% used [0x0000000700000000,0x00000007039a66c0,0x000000070e680000)
 Metaspace       used 63841K, capacity 64248K, committed 64512K, reserved 1105920K
  class space    used 8597K, capacity 8698K, committed 8704K, reserved 1048576K
Event: 38699.129 GC heap after
Heap after GC invocations=9124 (full 1382):
 PSYoungGen      total 50176K, used 2699K [0x00000007bc400000, 0x00000007c0000000, 0x00000007c0000000)
  eden space 38400K, 0% used [0x00000007bc400000,0x00000007bc400000,0x00000007be980000)
  from space 11776K, 22% used [0x00000007bf480000,0x00000007bf722ee0,0x00000007c0000000)
  to   space 11264K, 0% used [0x00000007be980000,0x00000007be980000,0x00000007bf480000)
 ParOldGen       total 236032K, used 59033K [0x0000000700000000, 0x000000070e680000, 0x00000007bc400000)
  object space 236032K, 25% used [0x0000000700000000,0x00000007039a66c0,0x000000070e680000)
 Metaspace       used 63841K, capacity 64248K, committed 64512K, reserved 1105920K
  class space    used 8597K, capacity 8698K, committed 8704K, reserved 1048576K
}
Event: 38723.812 GC heap before
{Heap before GC invocations=9125 (full 1382):
 PSYoungGen      total 50176K, used 41099K [0x00000007bc400000, 0x00000007c0000000, 0x00000007c0000000)
  eden space 38400K, 100% used [0x00000007bc400000,0x00000007be980000,0x00000007be980000)
  from space 11776K, 22% used [0x00000007bf480000,0x00000007bf722ee0,0x00000007c0000000)
  to   space 11264K, 0% used [0x00000007be980000,0x00000007be980000,0x00000007bf480000)
 ParOldGen       total 236032K, used 59033K [0x0000000700000000, 0x000000070e680000, 0x00000007bc400000)
  object space 236032K, 25% used [0x0000000700000000,0x00000007039a66c0,0x000000070e680000)
 Metaspace       used 63843K, capacity 64248K, committed 64512K, reserved 1105920K
  class space    used 8597K, capacity 8698K, committed 8704K, reserved 1048576K
Event: 38723.816 GC heap after
Heap after GC invocations=9125 (full 1382):
 PSYoungGen      total 49664K, used 3113K [0x00000007bc400000, 0x00000007c0000000, 0x00000007c0000000)
  eden space 38400K, 0% used [0x00000007bc400000,0x00000007bc400000,0x00000007be980000)
  from space 11264K, 27% used [0x00000007be980000,0x00000007bec8a730,0x00000007bf480000)
  to   space 10240K, 0% used [0x00000007bf600000,0x00000007bf600000,0x00000007c0000000)
 ParOldGen       total 236032K, used 59033K [0x0000000700000000, 0x000000070e680000, 0x00000007bc400000)
  object space 236032K, 25% used [0x0000000700000000,0x00000007039a66c0,0x000000070e680000)
 Metaspace       used 63843K, capacity 64248K, committed 64512K, reserved 1105920K
  class space    used 8597K, capacity 8698K, committed 8704K, reserved 1048576K
}

