# JRE version: Java(TM) SE Runtime Environment (8.0_66-b18) (build 1.8.0_66-b18)
# Java VM: Java HotSpot(TM) 64-Bit Server VM (25.66-b18 mixed mode windows-amd64 compressed oops)
Heap:
 PSYoungGen      total 55808K, used 44035K [0x00000007bc400000, 0x00000007c0000000, 0x00000007c0000000)
  eden space 50176K, 79% used [0x00000007bc400000,0x00000007beb073f0,0x00000007bf500000)
  from space 5632K, 72% used [0x00000007bf500000,0x00000007bf8f98a8,0x00000007bfa80000)
  to   space 5632K, 0% used [0x00000007bfa80000,0x00000007bfa80000,0x00000007c0000000)
 ParOldGen       total 233472K, used 85184K [0x0000000700000000, 0x000000070e400000, 0x00000007bc400000)
  object space 233472K, 36% used [0x0000000700000000,0x0000000705330108,0x000000070e400000)
 Metaspace       used 82493K, capacity 83022K, committed 83544K, reserved 1120256K
  class space    used 12204K, capacity 12333K, committed 12416K, reserved 1048576K
GC Heap History (10 events):
Event: 21355.021 GC heap before
{Heap before GC invocations=6568 (full 607):
 PSYoungGen      total 56320K, used 54601K [0x00000007bc400000, 0x00000007c0000000, 0x00000007c0000000)
  eden space 51200K, 100% used [0x00000007bc400000,0x00000007bf600000,0x00000007bf600000)
  from space 5120K, 66% used [0x00000007bfb00000,0x00000007bfe52498,0x00000007c0000000)
  to   space 5120K, 0% used [0x00000007bf600000,0x00000007bf600000,0x00000007bfb00000)
 ParOldGen       total 233472K, used 85120K [0x0000000700000000, 0x000000070e400000, 0x00000007bc400000)
  object space 233472K, 36% used [0x0000000700000000,0x0000000705320108,0x000000070e400000)
 Metaspace       used 82480K, capacity 83022K, committed 83544K, reserved 1120256K
  class space    used 12204K, capacity 12333K, committed 12416K, reserved 1048576K
Event: 21355.026 GC heap after
Heap after GC invocations=6568 (full 607):
 PSYoungGen      total 56320K, used 3993K [0x00000007bc400000, 0x00000007c0000000, 0x00000007c0000000)
  eden space 51200K, 0% used [0x00000007bc400000,0x00000007bc400000,0x00000007bf600000)
  from space 5120K, 77% used [0x00000007bf600000,0x00000007bf9e65b8,0x00000007bfb00000)
  to   space 5120K, 0% used [0x00000007bfb00000,0x00000007bfb00000,0x00000007c0000000)
 ParOldGen       total 233472K, used 85120K [0x0000000700000000, 0x000000070e400000, 0x00000007bc400000)
  object space 233472K, 36% used [0x0000000700000000,0x0000000705320108,0x000000070e400000)
 Metaspace       used 82480K, capacity 83022K, committed 83544K, reserved 1120256K
  class space    used 12204K, capacity 12333K, committed 12416K, reserved 1048576K
}
Event: 21375.616 GC heap before
{Heap before GC invocations=6569 (full 607):
 PSYoungGen      total 56320K, used 55193K [0x00000007bc400000, 0x00000007c0000000, 0x00000007c0000000)
  eden space 51200K, 100% used [0x00000007bc400000,0x00000007bf600000,0x00000007bf600000)
  from space 5120K, 77% used [0x00000007bf600000,0x00000007bf9e65b8,0x00000007bfb00000)
  to   space 5120K, 0% used [0x00000007bfb00000,0x00000007bfb00000,0x00000007c0000000)
 ParOldGen       total 233472K, used 85120K [0x0000000700000000, 0x000000070e400000, 0x00000007bc400000)
  object space 233472K, 36% used [0x0000000700000000,0x0000000705320108,0x000000070e400000)
 Metaspace       used 82488K, capacity 83022K, committed 83544K, reserved 1120256K
  class space    used 12204K, capacity 12333K, committed 12416K, reserved 1048576K
Event: 21375.621 GC heap after
Heap after GC invocations=6569 (full 607):
 PSYoungGen      total 55296K, used 4451K [0x00000007bc400000, 0x00000007c0000000, 0x00000007c0000000)
  eden space 50176K, 0% used [0x00000007bc400000,0x00000007bc400000,0x00000007bf500000)
  from space 5120K, 86% used [0x00000007bfb00000,0x00000007bff58e70,0x00000007c0000000)
  to   space 5632K, 0% used [0x00000007bf500000,0x00000007bf500000,0x00000007bfa80000)
 ParOldGen       total 233472K, used 85128K [0x0000000700000000, 0x000000070e400000, 0x00000007bc400000)
  object space 233472K, 36% used [0x0000000700000000,0x0000000705322108,0x000000070e400000)
 Metaspace       used 82488K, capacity 83022K, committed 83544K, reserved 1120256K
  class space    used 12204K, capacity 12333K, committed 12416K, reserved 1048576K
}
Event: 21409.022 GC heap before
{Heap before GC invocations=6570 (full 607):
 PSYoungGen      total 55296K, used 54627K [0x00000007bc400000, 0x00000007c0000000, 0x00000007c0000000)
  eden space 50176K, 100% used [0x00000007bc400000,0x00000007bf500000,0x00000007bf500000)
  from space 5120K, 86% used [0x00000007bfb00000,0x00000007bff58e70,0x00000007c0000000)
  to   space 5632K, 0% used [0x00000007bf500000,0x00000007bf500000,0x00000007bfa80000)
 ParOldGen       total 233472K, used 85128K [0x0000000700000000, 0x000000070e400000, 0x00000007bc400000)
  object space 233472K, 36% used [0x0000000700000000,0x0000000705322108,0x000000070e400000)
 Metaspace       used 82492K, capacity 83022K, committed 83544K, reserved 1120256K
  class space    used 12204K, capacity 12333K, committed 12416K, reserved 1048576K
Event: 21409.026 GC heap after
Heap after GC invocations=6570 (full 607):
 PSYoungGen      total 55808K, used 4773K [0x00000007bc400000, 0x00000007c0000000, 0x00000007c0000000)
  eden space 50176K, 0% used [0x00000007bc400000,0x00000007bc400000,0x00000007bf500000)
  from space 5632K, 84% used [0x00000007bf500000,0x00000007bf9a9580,0x00000007bfa80000)
  to   space 5632K, 0% used [0x00000007bfa80000,0x00000007bfa80000,0x00000007c0000000)
 ParOldGen       total 233472K, used 85136K [0x0000000700000000, 0x000000070e400000, 0x00000007bc400000)
  object space 233472K, 36% used [0x0000000700000000,0x0000000705324108,0x000000070e400000)
 Metaspace       used 82492K, capacity 83022K, committed 83544K, reserved 1120256K
  class space    used 12204K, capacity 12333K, committed 12416K, reserved 1048576K
}
Event: 21419.552 GC heap before
{Heap before GC invocations=6571 (full 607):
 PSYoungGen      total 55808K, used 54949K [0x00000007bc400000, 0x00000007c0000000, 0x00000007c0000000)
  eden space 50176K, 100% used [0x00000007bc400000,0x00000007bf500000,0x00000007bf500000)
  from space 5632K, 84% used [0x00000007bf500000,0x00000007bf9a9580,0x00000007bfa80000)
  to   space 5632K, 0% used [0x00000007bfa80000,0x00000007bfa80000,0x00000007c0000000)
 ParOldGen       total 233472K, used 85136K [0x0000000700000000, 0x000000070e400000, 0x00000007bc400000)
  object space 233472K, 36% used [0x0000000700000000,0x0000000705324108,0x000000070e400000)
 Metaspace       used 82492K, capacity 83022K, committed 83544K, reserved 1120256K
  class space    used 12204K, capacity 12333K, committed 12416K, reserved 1048576K
Event: 21419.557 GC heap after
Heap after GC invocations=6571 (full 607):
 PSYoungGen      total 55808K, used 4027K [0x00000007bc400000, 0x00000007c0000000, 0x00000007c0000000)
  eden space 50176K, 0% used [0x00000007bc400000,0x00000007bc400000,0x00000007bf500000)
  from space 5632K, 71% used [0x00000007bfa80000,0x00000007bfe6ef10,0x00000007c0000000)
  to   space 5632K, 0% used [0x00000007bf500000,0x00000007bf500000,0x00000007bfa80000)
 ParOldGen       total 233472K, used 85136K [0x0000000700000000, 0x000000070e400000, 0x00000007bc400000)
  object space 233472K, 36% used [0x0000000700000000,0x0000000705324108,0x000000070e400000)
 Metaspace       used 82492K, capacity 83022K, committed 83544K, reserved 1120256K
  class space    used 12204K, capacity 12333K, committed 12416K, reserved 1048576K
}
Event: 21423.901 GC heap before
{Heap before GC invocations=6572 (full 607):
 PSYoungGen      total 55808K, used 54203K [0x00000007bc400000, 0x00000007c0000000, 0x00000007c0000000)
  eden space 50176K, 100% used [0x00000007bc400000,0x00000007bf500000,0x00000007bf500000)
  from space 5632K, 71% used [0x00000007bfa80000,0x00000007bfe6ef10,0x00000007c0000000)
  to   space 5632K, 0% used [0x00000007bf500000,0x00000007bf500000,0x00000007bfa80000)
 ParOldGen       total 233472K, used 85136K [0x0000000700000000, 0x000000070e400000, 0x00000007bc400000)
  object space 233472K, 36% used [0x0000000700000000,0x0000000705324108,0x000000070e400000)
 Metaspace       used 82492K, capacity 83022K, committed 83544K, reserved 1120256K
  class space    used 12204K, capacity 12333K, committed 12416K, reserved 1048576K
Event: 21423.906 GC heap after
Heap after GC invocations=6572 (full 607):
 PSYoungGen      total 55808K, used 4070K [0x00000007bc400000, 0x00000007c0000000, 0x00000007c0000000)
  eden space 50176K, 0% used [0x00000007bc400000,0x00000007bc400000,0x00000007bf500000)
  from space 5632K, 72% used [0x00000007bf500000,0x00000007bf8f98a8,0x00000007bfa80000)
  to   space 5632K, 0% used [0x00000007bfa80000,0x00000007bfa80000,0x00000007c0000000)
 ParOldGen       total 233472K, used 85184K [0x0000000700000000, 0x000000070e400000, 0x00000007bc400000)
  object space 233472K, 36% used [0x0000000700000000,0x0000000705330108,0x000000070e400000)
 Metaspace       used 82492K, capacity 83022K, committed 83544K, reserved 1120256K
  class space    used 12204K, capacity 12333K, committed 12416K, reserved 1048576K
}

