# JRE version: Java(TM) SE Runtime Environment (8.0_66-b18) (build 1.8.0_66-b18)
# Java VM: Java HotSpot(TM) 64-Bit Server VM (25.66-b18 mixed mode windows-amd64 compressed oops)
Heap:
 PSYoungGen      total 58368K, used 16798K [0x00000007bc400000, 0x00000007c0000000, 0x00000007c0000000)
  eden space 55296K, 29% used [0x00000007bc400000,0x00000007bd3fe688,0x00000007bfa00000)
  from space 3072K, 13% used [0x00000007bfa00000,0x00000007bfa693e0,0x00000007bfd00000)
  to   space 2560K, 0% used [0x00000007bfd80000,0x00000007bfd80000,0x00000007c0000000)
 ParOldGen       total 267264K, used 129807K [0x0000000700000000, 0x0000000710500000, 0x00000007bc400000)
  object space 267264K, 48% used [0x0000000700000000,0x0000000707ec3f30,0x0000000710500000)
 Metaspace       used 65256K, capacity 65660K, committed 66136K, reserved 1105920K
  class space    used 8915K, capacity 9018K, committed 9088K, reserved 1048576K
GC Heap History (10 events):
Event: 9976.472 GC heap before
{Heap before GC invocations=2666 (full 39):
 PSYoungGen      total 59392K, used 2635K [0x00000007bc400000, 0x00000007c0000000, 0x00000007c0000000)
  eden space 57344K, 4% used [0x00000007bc400000,0x00000007bc672e38,0x00000007bfc00000)
  from space 2048K, 6% used [0x00000007bfe00000,0x00000007bfe20000,0x00000007c0000000)
  to   space 2048K, 0% used [0x00000007bfc00000,0x00000007bfc00000,0x00000007bfe00000)
 ParOldGen       total 267264K, used 126674K [0x0000000700000000, 0x0000000710500000, 0x00000007bc400000)
  object space 267264K, 47% used [0x0000000700000000,0x0000000707bb49f0,0x0000000710500000)
 Metaspace       used 65236K, capacity 65660K, committed 66136K, reserved 1105920K
  class space    used 8915K, capacity 9018K, committed 9088K, reserved 1048576K
Event: 9976.475 GC heap after
Heap after GC invocations=2666 (full 39):
 PSYoungGen      total 59392K, used 128K [0x00000007bc400000, 0x00000007c0000000, 0x00000007c0000000)
  eden space 57344K, 0% used [0x00000007bc400000,0x00000007bc400000,0x00000007bfc00000)
  from space 2048K, 6% used [0x00000007bfc00000,0x00000007bfc20000,0x00000007bfe00000)
  to   space 2048K, 0% used [0x00000007bfe00000,0x00000007bfe00000,0x00000007c0000000)
 ParOldGen       total 267264K, used 126674K [0x0000000700000000, 0x0000000710500000, 0x00000007bc400000)
  object space 267264K, 47% used [0x0000000700000000,0x0000000707bb49f0,0x0000000710500000)
 Metaspace       used 65236K, capacity 65660K, committed 66136K, reserved 1105920K
  class space    used 8915K, capacity 9018K, committed 9088K, reserved 1048576K
}
Event: 9976.496 GC heap before
{Heap before GC invocations=2667 (full 39):
 PSYoungGen      total 59392K, used 2635K [0x00000007bc400000, 0x00000007c0000000, 0x00000007c0000000)
  eden space 57344K, 4% used [0x00000007bc400000,0x00000007bc672e48,0x00000007bfc00000)
  from space 2048K, 6% used [0x00000007bfc00000,0x00000007bfc20000,0x00000007bfe00000)
  to   space 2048K, 0% used [0x00000007bfe00000,0x00000007bfe00000,0x00000007c0000000)
 ParOldGen       total 267264K, used 126674K [0x0000000700000000, 0x0000000710500000, 0x00000007bc400000)
  object space 267264K, 47% used [0x0000000700000000,0x0000000707bb49f0,0x0000000710500000)
 Metaspace       used 65236K, capacity 65660K, committed 66136K, reserved 1105920K
  class space    used 8915K, capacity 9018K, committed 9088K, reserved 1048576K
Event: 9976.499 GC heap after
Heap after GC invocations=2667 (full 39):
 PSYoungGen      total 59392K, used 128K [0x00000007bc400000, 0x00000007c0000000, 0x00000007c0000000)
  eden space 57344K, 0% used [0x00000007bc400000,0x00000007bc400000,0x00000007bfc00000)
  from space 2048K, 6% used [0x00000007bfe00000,0x00000007bfe20000,0x00000007c0000000)
  to   space 2048K, 0% used [0x00000007bfc00000,0x00000007bfc00000,0x00000007bfe00000)
 ParOldGen       total 267264K, used 126674K [0x0000000700000000, 0x0000000710500000, 0x00000007bc400000)
  object space 267264K, 47% used [0x0000000700000000,0x0000000707bb49f0,0x0000000710500000)
 Metaspace       used 65236K, capacity 65660K, committed 66136K, reserved 1105920K
  class space    used 8915K, capacity 9018K, committed 9088K, reserved 1048576K
}
Event: 9976.520 GC heap before
{Heap before GC invocations=2668 (full 39):
 PSYoungGen      total 59392K, used 2635K [0x00000007bc400000, 0x00000007c0000000, 0x00000007c0000000)
  eden space 57344K, 4% used [0x00000007bc400000,0x00000007bc672e30,0x00000007bfc00000)
  from space 2048K, 6% used [0x00000007bfe00000,0x00000007bfe20000,0x00000007c0000000)
  to   space 2048K, 0% used [0x00000007bfc00000,0x00000007bfc00000,0x00000007bfe00000)
 ParOldGen       total 267264K, used 126674K [0x0000000700000000, 0x0000000710500000, 0x00000007bc400000)
  object space 267264K, 47% used [0x0000000700000000,0x0000000707bb49f0,0x0000000710500000)
 Metaspace       used 65236K, capacity 65660K, committed 66136K, reserved 1105920K
  class space    used 8915K, capacity 9018K, committed 9088K, reserved 1048576K
Event: 9976.523 GC heap after
Heap after GC invocations=2668 (full 39):
 PSYoungGen      total 59392K, used 160K [0x00000007bc400000, 0x00000007c0000000, 0x00000007c0000000)
  eden space 57344K, 0% used [0x00000007bc400000,0x00000007bc400000,0x00000007bfc00000)
  from space 2048K, 7% used [0x00000007bfc00000,0x00000007bfc28000,0x00000007bfe00000)
  to   space 1536K, 0% used [0x00000007bfe80000,0x00000007bfe80000,0x00000007c0000000)
 ParOldGen       total 267264K, used 126674K [0x0000000700000000, 0x0000000710500000, 0x00000007bc400000)
  object space 267264K, 47% used [0x0000000700000000,0x0000000707bb49f0,0x0000000710500000)
 Metaspace       used 65236K, capacity 65660K, committed 66136K, reserved 1105920K
  class space    used 8915K, capacity 9018K, committed 9088K, reserved 1048576K
}
Event: 9979.897 GC heap before
{Heap before GC invocations=2669 (full 39):
 PSYoungGen      total 59392K, used 57504K [0x00000007bc400000, 0x00000007c0000000, 0x00000007c0000000)
  eden space 57344K, 100% used [0x00000007bc400000,0x00000007bfc00000,0x00000007bfc00000)
  from space 2048K, 7% used [0x00000007bfc00000,0x00000007bfc28000,0x00000007bfe00000)
  to   space 1536K, 0% used [0x00000007bfe80000,0x00000007bfe80000,0x00000007c0000000)
 ParOldGen       total 267264K, used 126674K [0x0000000700000000, 0x0000000710500000, 0x00000007bc400000)
  object space 267264K, 47% used [0x0000000700000000,0x0000000707bb49f0,0x0000000710500000)
 Metaspace       used 65251K, capacity 65660K, committed 66136K, reserved 1105920K
  class space    used 8915K, capacity 9018K, committed 9088K, reserved 1048576K
Event: 9979.901 GC heap after
Heap after GC invocations=2669 (full 39):
 PSYoungGen      total 56832K, used 1528K [0x00000007bc400000, 0x00000007c0000000, 0x00000007c0000000)
  eden space 55296K, 0% used [0x00000007bc400000,0x00000007bc400000,0x00000007bfa00000)
  from space 1536K, 99% used [0x00000007bfe80000,0x00000007bfffe340,0x00000007c0000000)
  to   space 3072K, 0% used [0x00000007bfa00000,0x00000007bfa00000,0x00000007bfd00000)
 ParOldGen       total 267264K, used 128694K [0x0000000700000000, 0x0000000710500000, 0x00000007bc400000)
  object space 267264K, 48% used [0x0000000700000000,0x0000000707dad800,0x0000000710500000)
 Metaspace       used 65251K, capacity 65660K, committed 66136K, reserved 1105920K
  class space    used 8915K, capacity 9018K, committed 9088K, reserved 1048576K
}
Event: 9979.992 GC heap before
{Heap before GC invocations=2670 (full 39):
 PSYoungGen      total 56832K, used 56824K [0x00000007bc400000, 0x00000007c0000000, 0x00000007c0000000)
  eden space 55296K, 100% used [0x00000007bc400000,0x00000007bfa00000,0x00000007bfa00000)
  from space 1536K, 99% used [0x00000007bfe80000,0x00000007bfffe340,0x00000007c0000000)
  to   space 3072K, 0% used [0x00000007bfa00000,0x00000007bfa00000,0x00000007bfd00000)
 ParOldGen       total 267264K, used 128694K [0x0000000700000000, 0x0000000710500000, 0x00000007bc400000)
  object space 267264K, 48% used [0x0000000700000000,0x0000000707dad800,0x0000000710500000)
 Metaspace       used 65251K, capacity 65660K, committed 66136K, reserved 1105920K
  class space    used 8915K, capacity 9018K, committed 9088K, reserved 1048576K
Event: 9979.995 GC heap after
Heap after GC invocations=2670 (full 39):
 PSYoungGen      total 58368K, used 420K [0x00000007bc400000, 0x00000007c0000000, 0x00000007c0000000)
  eden space 55296K, 0% used [0x00000007bc400000,0x00000007bc400000,0x00000007bfa00000)
  from space 3072K, 13% used [0x00000007bfa00000,0x00000007bfa693e0,0x00000007bfd00000)
  to   space 2560K, 0% used [0x00000007bfd80000,0x00000007bfd80000,0x00000007c0000000)
 ParOldGen       total 267264K, used 129807K [0x0000000700000000, 0x0000000710500000, 0x00000007bc400000)
  object space 267264K, 48% used [0x0000000700000000,0x0000000707ec3f30,0x0000000710500000)
 Metaspace       used 65251K, capacity 65660K, committed 66136K, reserved 1105920K
  class space    used 8915K, capacity 9018K, committed 9088K, reserved 1048576K
}

