# JRE version: Java(TM) SE Runtime Environment (8.0_66-b18) (build 1.8.0_66-b18)
# Java VM: Java HotSpot(TM) 64-Bit Server VM (25.66-b18 mixed mode windows-amd64 compressed oops)
Heap:
 PSYoungGen      total 58368K, used 39533K [0x00000007bc400000, 0x00000007c0000000, 0x00000007c0000000)
  eden space 55296K, 65% used [0x00000007bc400000,0x00000007be7a2da8,0x00000007bfa00000)
  from space 3072K, 99% used [0x00000007bfa00000,0x00000007bfcf86d0,0x00000007bfd00000)
  to   space 3072K, 0% used [0x00000007bfd00000,0x00000007bfd00000,0x00000007c0000000)
 ParOldGen       total 376320K, used 90198K [0x0000000700000000, 0x0000000716f80000, 0x00000007bc400000)
  object space 376320K, 23% used [0x0000000700000000,0x00000007058159b8,0x0000000716f80000)
 Metaspace       used 68412K, capacity 68826K, committed 69336K, reserved 1110016K
  class space    used 9229K, capacity 9343K, committed 9472K, reserved 1048576K
GC Heap History (10 events):
Event: 80888.684 GC heap before
{Heap before GC invocations=11316 (full 493):
 PSYoungGen      total 58368K, used 55968K [0x00000007bc400000, 0x00000007c0000000, 0x00000007c0000000)
  eden space 55296K, 100% used [0x00000007bc400000,0x00000007bfa00000,0x00000007bfa00000)
  from space 3072K, 21% used [0x00000007bfd00000,0x00000007bfda8000,0x00000007c0000000)
  to   space 3072K, 0% used [0x00000007bfa00000,0x00000007bfa00000,0x00000007bfd00000)
 ParOldGen       total 376320K, used 87137K [0x0000000700000000, 0x0000000716f80000, 0x00000007bc400000)
  object space 376320K, 23% used [0x0000000700000000,0x00000007055187e8,0x0000000716f80000)
 Metaspace       used 68312K, capacity 68762K, committed 69336K, reserved 1110016K
  class space    used 9219K, capacity 9343K, committed 9472K, reserved 1048576K
Event: 80888.688 GC heap after
Heap after GC invocations=11316 (full 493):
 PSYoungGen      total 58368K, used 1445K [0x00000007bc400000, 0x00000007c0000000, 0x00000007c0000000)
  eden space 55296K, 0% used [0x00000007bc400000,0x00000007bc400000,0x00000007bfa00000)
  from space 3072K, 47% used [0x00000007bfa00000,0x00000007bfb69558,0x00000007bfd00000)
  to   space 3072K, 0% used [0x00000007bfd00000,0x00000007bfd00000,0x00000007c0000000)
 ParOldGen       total 376320K, used 87281K [0x0000000700000000, 0x0000000716f80000, 0x00000007bc400000)
  object space 376320K, 23% used [0x0000000700000000,0x000000070553c7e8,0x0000000716f80000)
 Metaspace       used 68312K, capacity 68762K, committed 69336K, reserved 1110016K
  class space    used 9219K, capacity 9343K, committed 9472K, reserved 1048576K
}
Event: 80890.946 GC heap before
{Heap before GC invocations=11317 (full 493):
 PSYoungGen      total 58368K, used 56741K [0x00000007bc400000, 0x00000007c0000000, 0x00000007c0000000)
  eden space 55296K, 100% used [0x00000007bc400000,0x00000007bfa00000,0x00000007bfa00000)
  from space 3072K, 47% used [0x00000007bfa00000,0x00000007bfb69558,0x00000007bfd00000)
  to   space 3072K, 0% used [0x00000007bfd00000,0x00000007bfd00000,0x00000007c0000000)
 ParOldGen       total 376320K, used 87281K [0x0000000700000000, 0x0000000716f80000, 0x00000007bc400000)
  object space 376320K, 23% used [0x0000000700000000,0x000000070553c7e8,0x0000000716f80000)
 Metaspace       used 68371K, capacity 68826K, committed 69336K, reserved 1110016K
  class space    used 9227K, capacity 9343K, committed 9472K, reserved 1048576K
Event: 80890.950 GC heap after
Heap after GC invocations=11317 (full 493):
 PSYoungGen      total 58368K, used 1721K [0x00000007bc400000, 0x00000007c0000000, 0x00000007c0000000)
  eden space 55296K, 0% used [0x00000007bc400000,0x00000007bc400000,0x00000007bfa00000)
  from space 3072K, 56% used [0x00000007bfd00000,0x00000007bfeae418,0x00000007c0000000)
  to   space 3072K, 0% used [0x00000007bfa00000,0x00000007bfa00000,0x00000007bfd00000)
 ParOldGen       total 376320K, used 87956K [0x0000000700000000, 0x0000000716f80000, 0x00000007bc400000)
  object space 376320K, 23% used [0x0000000700000000,0x00000007055e5218,0x0000000716f80000)
 Metaspace       used 68371K, capacity 68826K, committed 69336K, reserved 1110016K
  class space    used 9227K, capacity 9343K, committed 9472K, reserved 1048576K
}
Event: 80893.344 GC heap before
{Heap before GC invocations=11318 (full 493):
 PSYoungGen      total 58368K, used 57017K [0x00000007bc400000, 0x00000007c0000000, 0x00000007c0000000)
  eden space 55296K, 100% used [0x00000007bc400000,0x00000007bfa00000,0x00000007bfa00000)
  from space 3072K, 56% used [0x00000007bfd00000,0x00000007bfeae418,0x00000007c0000000)
  to   space 3072K, 0% used [0x00000007bfa00000,0x00000007bfa00000,0x00000007bfd00000)
 ParOldGen       total 376320K, used 87956K [0x0000000700000000, 0x0000000716f80000, 0x00000007bc400000)
  object space 376320K, 23% used [0x0000000700000000,0x00000007055e5218,0x0000000716f80000)
 Metaspace       used 68374K, capacity 68826K, committed 69336K, reserved 1110016K
  class space    used 9227K, capacity 9343K, committed 9472K, reserved 1048576K
Event: 80893.349 GC heap after
Heap after GC invocations=11318 (full 493):
 PSYoungGen      total 58368K, used 1867K [0x00000007bc400000, 0x00000007c0000000, 0x00000007c0000000)
  eden space 55296K, 0% used [0x00000007bc400000,0x00000007bc400000,0x00000007bfa00000)
  from space 3072K, 60% used [0x00000007bfa00000,0x00000007bfbd2fd8,0x00000007bfd00000)
  to   space 3072K, 0% used [0x00000007bfd00000,0x00000007bfd00000,0x00000007c0000000)
 ParOldGen       total 376320K, used 88760K [0x0000000700000000, 0x0000000716f80000, 0x00000007bc400000)
  object space 376320K, 23% used [0x0000000700000000,0x00000007056ae098,0x0000000716f80000)
 Metaspace       used 68374K, capacity 68826K, committed 69336K, reserved 1110016K
  class space    used 9227K, capacity 9343K, committed 9472K, reserved 1048576K
}
Event: 80896.134 GC heap before
{Heap before GC invocations=11319 (full 493):
 PSYoungGen      total 58368K, used 40827K [0x00000007bc400000, 0x00000007c0000000, 0x00000007c0000000)
  eden space 55296K, 70% used [0x00000007bc400000,0x00000007bea0c018,0x00000007bfa00000)
  from space 3072K, 60% used [0x00000007bfa00000,0x00000007bfbd2fd8,0x00000007bfd00000)
  to   space 3072K, 0% used [0x00000007bfd00000,0x00000007bfd00000,0x00000007c0000000)
 ParOldGen       total 376320K, used 88760K [0x0000000700000000, 0x0000000716f80000, 0x00000007bc400000)
  object space 376320K, 23% used [0x0000000700000000,0x00000007056ae098,0x0000000716f80000)
 Metaspace       used 68382K, capacity 68826K, committed 69336K, reserved 1110016K
  class space    used 9229K, capacity 9343K, committed 9472K, reserved 1048576K
Event: 80896.139 GC heap after
Heap after GC invocations=11319 (full 493):
 PSYoungGen      total 58368K, used 1385K [0x00000007bc400000, 0x00000007c0000000, 0x00000007c0000000)
  eden space 55296K, 0% used [0x00000007bc400000,0x00000007bc400000,0x00000007bfa00000)
  from space 3072K, 45% used [0x00000007bfd00000,0x00000007bfe5a7d8,0x00000007c0000000)
  to   space 3072K, 0% used [0x00000007bfa00000,0x00000007bfa00000,0x00000007bfd00000)
 ParOldGen       total 376320K, used 89716K [0x0000000700000000, 0x0000000716f80000, 0x00000007bc400000)
  object space 376320K, 23% used [0x0000000700000000,0x000000070579d3b0,0x0000000716f80000)
 Metaspace       used 68382K, capacity 68826K, committed 69336K, reserved 1110016K
  class space    used 9229K, capacity 9343K, committed 9472K, reserved 1048576K
}
Event: 80913.252 GC heap before
{Heap before GC invocations=11320 (full 493):
 PSYoungGen      total 58368K, used 56681K [0x00000007bc400000, 0x00000007c0000000, 0x00000007c0000000)
  eden space 55296K, 100% used [0x00000007bc400000,0x00000007bfa00000,0x00000007bfa00000)
  from space 3072K, 45% used [0x00000007bfd00000,0x00000007bfe5a7d8,0x00000007c0000000)
  to   space 3072K, 0% used [0x00000007bfa00000,0x00000007bfa00000,0x00000007bfd00000)
 ParOldGen       total 376320K, used 89716K [0x0000000700000000, 0x0000000716f80000, 0x00000007bc400000)
  object space 376320K, 23% used [0x0000000700000000,0x000000070579d3b0,0x0000000716f80000)
 Metaspace       used 68389K, capacity 68826K, committed 69336K, reserved 1110016K
  class space    used 9229K, capacity 9343K, committed 9472K, reserved 1048576K
Event: 80913.257 GC heap after
Heap after GC invocations=11320 (full 493):
 PSYoungGen      total 58368K, used 3041K [0x00000007bc400000, 0x00000007c0000000, 0x00000007c0000000)
  eden space 55296K, 0% used [0x00000007bc400000,0x00000007bc400000,0x00000007bfa00000)
  from space 3072K, 99% used [0x00000007bfa00000,0x00000007bfcf86d0,0x00000007bfd00000)
  to   space 3072K, 0% used [0x00000007bfd00000,0x00000007bfd00000,0x00000007c0000000)
 ParOldGen       total 376320K, used 90198K [0x0000000700000000, 0x0000000716f80000, 0x00000007bc400000)
  object space 376320K, 23% used [0x0000000700000000,0x00000007058159b8,0x0000000716f80000)
 Metaspace       used 68389K, capacity 68826K, committed 69336K, reserved 1110016K
  class space    used 9229K, capacity 9343K, committed 9472K, reserved 1048576K
}

