# JRE version: Java(TM) SE Runtime Environment (8.0_66-b18) (build 1.8.0_66-b18)
# Java VM: Java HotSpot(TM) 64-Bit Server VM (25.66-b18 mixed mode windows-amd64 compressed oops)
Heap:
 PSYoungGen      total 56832K, used 23204K [0x00000007bc400000, 0x00000007c0000000, 0x00000007c0000000)
  eden space 52224K, 41% used [0x00000007bc400000,0x00000007bd9512a8,0x00000007bf700000)
  from space 4608K, 29% used [0x00000007bf700000,0x00000007bf858108,0x00000007bfb80000)
  to   space 4608K, 0% used [0x00000007bfb80000,0x00000007bfb80000,0x00000007c0000000)
 ParOldGen       total 311296K, used 82520K [0x0000000700000000, 0x0000000713000000, 0x00000007bc400000)
  object space 311296K, 26% used [0x0000000700000000,0x0000000705096250,0x0000000713000000)
 Metaspace       used 67358K, capacity 67836K, committed 68184K, reserved 1107968K
  class space    used 8965K, capacity 9066K, committed 9088K, reserved 1048576K
GC Heap History (10 events):
Event: 17460.513 GC heap before
{Heap before GC invocations=10216 (full 216):
 PSYoungGen      total 57856K, used 56553K [0x00000007bc400000, 0x00000007c0000000, 0x00000007c0000000)
  eden space 54272K, 100% used [0x00000007bc400000,0x00000007bf900000,0x00000007bf900000)
  from space 3584K, 63% used [0x00000007bf900000,0x00000007bfb3a768,0x00000007bfc80000)
  to   space 3584K, 0% used [0x00000007bfc80000,0x00000007bfc80000,0x00000007c0000000)
 ParOldGen       total 311296K, used 86200K [0x0000000700000000, 0x0000000713000000, 0x00000007bc400000)
  object space 311296K, 27% used [0x0000000700000000,0x000000070542e1e0,0x0000000713000000)
 Metaspace       used 67347K, capacity 67772K, committed 68184K, reserved 1107968K
  class space    used 8965K, capacity 9066K, committed 9088K, reserved 1048576K
Event: 17460.516 GC heap after
Heap after GC invocations=10216 (full 216):
 PSYoungGen      total 57856K, used 2473K [0x00000007bc400000, 0x00000007c0000000, 0x00000007c0000000)
  eden space 54272K, 0% used [0x00000007bc400000,0x00000007bc400000,0x00000007bf900000)
  from space 3584K, 69% used [0x00000007bfc80000,0x00000007bfeea768,0x00000007c0000000)
  to   space 3584K, 0% used [0x00000007bf900000,0x00000007bf900000,0x00000007bfc80000)
 ParOldGen       total 311296K, used 86200K [0x0000000700000000, 0x0000000713000000, 0x00000007bc400000)
  object space 311296K, 27% used [0x0000000700000000,0x000000070542e1e0,0x0000000713000000)
 Metaspace       used 67347K, capacity 67772K, committed 68184K, reserved 1107968K
  class space    used 8965K, capacity 9066K, committed 9088K, reserved 1048576K
}
Event: 17460.709 GC heap before
{Heap before GC invocations=10217 (full 216):
 PSYoungGen      total 57856K, used 47881K [0x00000007bc400000, 0x00000007c0000000, 0x00000007c0000000)
  eden space 54272K, 83% used [0x00000007bc400000,0x00000007bf057e60,0x00000007bf900000)
  from space 3584K, 69% used [0x00000007bfc80000,0x00000007bfeea768,0x00000007c0000000)
  to   space 3584K, 0% used [0x00000007bf900000,0x00000007bf900000,0x00000007bfc80000)
 ParOldGen       total 311296K, used 86200K [0x0000000700000000, 0x0000000713000000, 0x00000007bc400000)
  object space 311296K, 27% used [0x0000000700000000,0x000000070542e1e0,0x0000000713000000)
 Metaspace       used 67353K, capacity 67836K, committed 68184K, reserved 1107968K
  class space    used 8965K, capacity 9066K, committed 9088K, reserved 1048576K
Event: 17460.713 GC heap after
Heap after GC invocations=10217 (full 216):
 PSYoungGen      total 57856K, used 3576K [0x00000007bc400000, 0x00000007c0000000, 0x00000007c0000000)
  eden space 54272K, 0% used [0x00000007bc400000,0x00000007bc400000,0x00000007bf900000)
  from space 3584K, 99% used [0x00000007bf900000,0x00000007bfc7e070,0x00000007bfc80000)
  to   space 3584K, 0% used [0x00000007bfc80000,0x00000007bfc80000,0x00000007c0000000)
 ParOldGen       total 311296K, used 87029K [0x0000000700000000, 0x0000000713000000, 0x00000007bc400000)
  object space 311296K, 27% used [0x0000000700000000,0x00000007054fd6d0,0x0000000713000000)
 Metaspace       used 67353K, capacity 67836K, committed 68184K, reserved 1107968K
  class space    used 8965K, capacity 9066K, committed 9088K, reserved 1048576K
}
Event: 17460.713 GC heap before
{Heap before GC invocations=10218 (full 217):
 PSYoungGen      total 57856K, used 3576K [0x00000007bc400000, 0x00000007c0000000, 0x00000007c0000000)
  eden space 54272K, 0% used [0x00000007bc400000,0x00000007bc400000,0x00000007bf900000)
  from space 3584K, 99% used [0x00000007bf900000,0x00000007bfc7e070,0x00000007bfc80000)
  to   space 3584K, 0% used [0x00000007bfc80000,0x00000007bfc80000,0x00000007c0000000)
 ParOldGen       total 311296K, used 87029K [0x0000000700000000, 0x0000000713000000, 0x00000007bc400000)
  object space 311296K, 27% used [0x0000000700000000,0x00000007054fd6d0,0x0000000713000000)
 Metaspace       used 67353K, capacity 67836K, committed 68184K, reserved 1107968K
  class space    used 8965K, capacity 9066K, committed 9088K, reserved 1048576K
Event: 17460.842 GC heap after
Heap after GC invocations=10218 (full 217):
 PSYoungGen      total 57856K, used 0K [0x00000007bc400000, 0x00000007c0000000, 0x00000007c0000000)
  eden space 54272K, 0% used [0x00000007bc400000,0x00000007bc400000,0x00000007bf900000)
  from space 3584K, 0% used [0x00000007bf900000,0x00000007bf900000,0x00000007bfc80000)
  to   space 3584K, 0% used [0x00000007bfc80000,0x00000007bfc80000,0x00000007c0000000)
 ParOldGen       total 311296K, used 82517K [0x0000000700000000, 0x0000000713000000, 0x00000007bc400000)
  object space 311296K, 26% used [0x0000000700000000,0x0000000705095508,0x0000000713000000)
 Metaspace       used 67353K, capacity 67836K, committed 68184K, reserved 1107968K
  class space    used 8965K, capacity 9066K, committed 9088K, reserved 1048576K
}
Event: 17519.570 GC heap before
{Heap before GC invocations=10219 (full 217):
 PSYoungGen      total 57856K, used 54272K [0x00000007bc400000, 0x00000007c0000000, 0x00000007c0000000)
  eden space 54272K, 100% used [0x00000007bc400000,0x00000007bf900000,0x00000007bf900000)
  from space 3584K, 0% used [0x00000007bf900000,0x00000007bf900000,0x00000007bfc80000)
  to   space 3584K, 0% used [0x00000007bfc80000,0x00000007bfc80000,0x00000007c0000000)
 ParOldGen       total 311296K, used 82517K [0x0000000700000000, 0x0000000713000000, 0x00000007bc400000)
  object space 311296K, 26% used [0x0000000700000000,0x0000000705095548,0x0000000713000000)
 Metaspace       used 67354K, capacity 67836K, committed 68184K, reserved 1107968K
  class space    used 8965K, capacity 9066K, committed 9088K, reserved 1048576K
Event: 17519.573 GC heap after
Heap after GC invocations=10219 (full 217):
 PSYoungGen      total 55808K, used 864K [0x00000007bc400000, 0x00000007c0000000, 0x00000007c0000000)
  eden space 52224K, 0% used [0x00000007bc400000,0x00000007bc400000,0x00000007bf700000)
  from space 3584K, 24% used [0x00000007bfc80000,0x00000007bfd58000,0x00000007c0000000)
  to   space 4608K, 0% used [0x00000007bf700000,0x00000007bf700000,0x00000007bfb80000)
 ParOldGen       total 311296K, used 82517K [0x0000000700000000, 0x0000000713000000, 0x00000007bc400000)
  object space 311296K, 26% used [0x0000000700000000,0x0000000705095548,0x0000000713000000)
 Metaspace       used 67354K, capacity 67836K, committed 68184K, reserved 1107968K
  class space    used 8965K, capacity 9066K, committed 9088K, reserved 1048576K
}
Event: 17522.529 GC heap before
{Heap before GC invocations=10220 (full 217):
 PSYoungGen      total 55808K, used 53088K [0x00000007bc400000, 0x00000007c0000000, 0x00000007c0000000)
  eden space 52224K, 100% used [0x00000007bc400000,0x00000007bf700000,0x00000007bf700000)
  from space 3584K, 24% used [0x00000007bfc80000,0x00000007bfd58000,0x00000007c0000000)
  to   space 4608K, 0% used [0x00000007bf700000,0x00000007bf700000,0x00000007bfb80000)
 ParOldGen       total 311296K, used 82520K [0x0000000700000000, 0x0000000713000000, 0x00000007bc400000)
  object space 311296K, 26% used [0x0000000700000000,0x0000000705096250,0x0000000713000000)
 Metaspace       used 67358K, capacity 67836K, committed 68184K, reserved 1107968K
  class space    used 8965K, capacity 9066K, committed 9088K, reserved 1048576K
Event: 17522.533 GC heap after
Heap after GC invocations=10220 (full 217):
 PSYoungGen      total 56832K, used 1376K [0x00000007bc400000, 0x00000007c0000000, 0x00000007c0000000)
  eden space 52224K, 0% used [0x00000007bc400000,0x00000007bc400000,0x00000007bf700000)
  from space 4608K, 29% used [0x00000007bf700000,0x00000007bf858108,0x00000007bfb80000)
  to   space 4608K, 0% used [0x00000007bfb80000,0x00000007bfb80000,0x00000007c0000000)
 ParOldGen       total 311296K, used 82520K [0x0000000700000000, 0x0000000713000000, 0x00000007bc400000)
  object space 311296K, 26% used [0x0000000700000000,0x0000000705096250,0x0000000713000000)
 Metaspace       used 67358K, capacity 67836K, committed 68184K, reserved 1107968K
  class space    used 8965K, capacity 9066K, committed 9088K, reserved 1048576K
}

