# JRE version: Java(TM) SE Runtime Environment (8.0_66-b18) (build 1.8.0_66-b18)
# Java VM: Java HotSpot(TM) 64-Bit Server VM (25.66-b18 mixed mode windows-amd64 compressed oops)
Heap:
 PSYoungGen      total 55296K, used 10957K [0x00000007bc400000, 0x00000007c0000000, 0x00000007c0000000)
  eden space 49152K, 9% used [0x00000007bc400000,0x00000007bc8b6b28,0x00000007bf400000)
  from space 6144K, 99% used [0x00000007bf400000,0x00000007bf9fca08,0x00000007bfa00000)
  to   space 6144K, 0% used [0x00000007bfa00000,0x00000007bfa00000,0x00000007c0000000)
 ParOldGen       total 245248K, used 70479K [0x0000000700000000, 0x000000070ef80000, 0x00000007bc400000)
  object space 245248K, 28% used [0x0000000700000000,0x00000007044d3d48,0x000000070ef80000)
 Metaspace       used 66701K, capacity 67148K, committed 67416K, reserved 1107968K
  class space    used 9216K, capacity 9314K, committed 9344K, reserved 1048576K
GC Heap History (10 events):
Event: 4156.446 GC heap before
{Heap before GC invocations=2154 (full 45):
 PSYoungGen      total 55808K, used 52601K [0x00000007bc400000, 0x00000007c0000000, 0x00000007c0000000)
  eden space 50176K, 100% used [0x00000007bc400000,0x00000007bf500000,0x00000007bf500000)
  from space 5632K, 43% used [0x00000007bfa80000,0x00000007bfcde440,0x00000007c0000000)
  to   space 5632K, 0% used [0x00000007bf500000,0x00000007bf500000,0x00000007bfa80000)
 ParOldGen       total 245248K, used 70423K [0x0000000700000000, 0x000000070ef80000, 0x00000007bc400000)
  object space 245248K, 28% used [0x0000000700000000,0x00000007044c5d48,0x000000070ef80000)
 Metaspace       used 66666K, capacity 67142K, committed 67416K, reserved 1107968K
  class space    used 9215K, capacity 9313K, committed 9344K, reserved 1048576K
Event: 4156.449 GC heap after
Heap after GC invocations=2154 (full 45):
 PSYoungGen      total 55808K, used 2409K [0x00000007bc400000, 0x00000007c0000000, 0x00000007c0000000)
  eden space 50176K, 0% used [0x00000007bc400000,0x00000007bc400000,0x00000007bf500000)
  from space 5632K, 42% used [0x00000007bf500000,0x00000007bf75a7f0,0x00000007bfa80000)
  to   space 5632K, 0% used [0x00000007bfa80000,0x00000007bfa80000,0x00000007c0000000)
 ParOldGen       total 245248K, used 70423K [0x0000000700000000, 0x000000070ef80000, 0x00000007bc400000)
  object space 245248K, 28% used [0x0000000700000000,0x00000007044c5d48,0x000000070ef80000)
 Metaspace       used 66666K, capacity 67142K, committed 67416K, reserved 1107968K
  class space    used 9215K, capacity 9313K, committed 9344K, reserved 1048576K
}
Event: 4156.711 GC heap before
{Heap before GC invocations=2155 (full 45):
 PSYoungGen      total 55808K, used 52585K [0x00000007bc400000, 0x00000007c0000000, 0x00000007c0000000)
  eden space 50176K, 100% used [0x00000007bc400000,0x00000007bf500000,0x00000007bf500000)
  from space 5632K, 42% used [0x00000007bf500000,0x00000007bf75a7f0,0x00000007bfa80000)
  to   space 5632K, 0% used [0x00000007bfa80000,0x00000007bfa80000,0x00000007c0000000)
 ParOldGen       total 245248K, used 70423K [0x0000000700000000, 0x000000070ef80000, 0x00000007bc400000)
  object space 245248K, 28% used [0x0000000700000000,0x00000007044c5d48,0x000000070ef80000)
 Metaspace       used 66681K, capacity 67142K, committed 67416K, reserved 1107968K
  class space    used 9215K, capacity 9313K, committed 9344K, reserved 1048576K
Event: 4156.715 GC heap after
Heap after GC invocations=2155 (full 45):
 PSYoungGen      total 55808K, used 3535K [0x00000007bc400000, 0x00000007c0000000, 0x00000007c0000000)
  eden space 50176K, 0% used [0x00000007bc400000,0x00000007bc400000,0x00000007bf500000)
  from space 5632K, 62% used [0x00000007bfa80000,0x00000007bfdf3d60,0x00000007c0000000)
  to   space 5632K, 0% used [0x00000007bf500000,0x00000007bf500000,0x00000007bfa80000)
 ParOldGen       total 245248K, used 70423K [0x0000000700000000, 0x000000070ef80000, 0x00000007bc400000)
  object space 245248K, 28% used [0x0000000700000000,0x00000007044c5d48,0x000000070ef80000)
 Metaspace       used 66681K, capacity 67142K, committed 67416K, reserved 1107968K
  class space    used 9215K, capacity 9313K, committed 9344K, reserved 1048576K
}
Event: 4158.537 GC heap before
{Heap before GC invocations=2156 (full 45):
 PSYoungGen      total 55808K, used 53711K [0x00000007bc400000, 0x00000007c0000000, 0x00000007c0000000)
  eden space 50176K, 100% used [0x00000007bc400000,0x00000007bf500000,0x00000007bf500000)
  from space 5632K, 62% used [0x00000007bfa80000,0x00000007bfdf3d60,0x00000007c0000000)
  to   space 5632K, 0% used [0x00000007bf500000,0x00000007bf500000,0x00000007bfa80000)
 ParOldGen       total 245248K, used 70423K [0x0000000700000000, 0x000000070ef80000, 0x00000007bc400000)
  object space 245248K, 28% used [0x0000000700000000,0x00000007044c5d48,0x000000070ef80000)
 Metaspace       used 66691K, capacity 67142K, committed 67416K, reserved 1107968K
  class space    used 9215K, capacity 9313K, committed 9344K, reserved 1048576K
Event: 4158.541 GC heap after
Heap after GC invocations=2156 (full 45):
 PSYoungGen      total 55808K, used 4518K [0x00000007bc400000, 0x00000007c0000000, 0x00000007c0000000)
  eden space 50176K, 0% used [0x00000007bc400000,0x00000007bc400000,0x00000007bf500000)
  from space 5632K, 80% used [0x00000007bf500000,0x00000007bf969880,0x00000007bfa80000)
  to   space 5632K, 0% used [0x00000007bfa80000,0x00000007bfa80000,0x00000007c0000000)
 ParOldGen       total 245248K, used 70423K [0x0000000700000000, 0x000000070ef80000, 0x00000007bc400000)
  object space 245248K, 28% used [0x0000000700000000,0x00000007044c5d48,0x000000070ef80000)
 Metaspace       used 66691K, capacity 67142K, committed 67416K, reserved 1107968K
  class space    used 9215K, capacity 9313K, committed 9344K, reserved 1048576K
}
Event: 4168.806 GC heap before
{Heap before GC invocations=2157 (full 45):
 PSYoungGen      total 55808K, used 53917K [0x00000007bc400000, 0x00000007c0000000, 0x00000007c0000000)
  eden space 50176K, 98% used [0x00000007bc400000,0x00000007bf43df28,0x00000007bf500000)
  from space 5632K, 80% used [0x00000007bf500000,0x00000007bf969880,0x00000007bfa80000)
  to   space 5632K, 0% used [0x00000007bfa80000,0x00000007bfa80000,0x00000007c0000000)
 ParOldGen       total 245248K, used 70423K [0x0000000700000000, 0x000000070ef80000, 0x00000007bc400000)
  object space 245248K, 28% used [0x0000000700000000,0x00000007044c5d48,0x000000070ef80000)
 Metaspace       used 66695K, capacity 67142K, committed 67416K, reserved 1107968K
  class space    used 9215K, capacity 9313K, committed 9344K, reserved 1048576K
Event: 4168.811 GC heap after
Heap after GC invocations=2157 (full 45):
 PSYoungGen      total 54784K, used 5074K [0x00000007bc400000, 0x00000007c0000000, 0x00000007c0000000)
  eden space 49152K, 0% used [0x00000007bc400000,0x00000007bc400000,0x00000007bf400000)
  from space 5632K, 90% used [0x00000007bfa80000,0x00000007bff74958,0x00000007c0000000)
  to   space 6144K, 0% used [0x00000007bf400000,0x00000007bf400000,0x00000007bfa00000)
 ParOldGen       total 245248K, used 70423K [0x0000000700000000, 0x000000070ef80000, 0x00000007bc400000)
  object space 245248K, 28% used [0x0000000700000000,0x00000007044c5d48,0x000000070ef80000)
 Metaspace       used 66695K, capacity 67142K, committed 67416K, reserved 1107968K
  class space    used 9215K, capacity 9313K, committed 9344K, reserved 1048576K
}
Event: 4216.000 GC heap before
{Heap before GC invocations=2158 (full 45):
 PSYoungGen      total 54784K, used 54226K [0x00000007bc400000, 0x00000007c0000000, 0x00000007c0000000)
  eden space 49152K, 100% used [0x00000007bc400000,0x00000007bf400000,0x00000007bf400000)
  from space 5632K, 90% used [0x00000007bfa80000,0x00000007bff74958,0x00000007c0000000)
  to   space 6144K, 0% used [0x00000007bf400000,0x00000007bf400000,0x00000007bfa00000)
 ParOldGen       total 245248K, used 70423K [0x0000000700000000, 0x000000070ef80000, 0x00000007bc400000)
  object space 245248K, 28% used [0x0000000700000000,0x00000007044c5d48,0x000000070ef80000)
 Metaspace       used 66696K, capacity 67142K, committed 67416K, reserved 1107968K
  class space    used 9215K, capacity 9313K, committed 9344K, reserved 1048576K
Event: 4216.004 GC heap after
Heap after GC invocations=2158 (full 45):
 PSYoungGen      total 55296K, used 6130K [0x00000007bc400000, 0x00000007c0000000, 0x00000007c0000000)
  eden space 49152K, 0% used [0x00000007bc400000,0x00000007bc400000,0x00000007bf400000)
  from space 6144K, 99% used [0x00000007bf400000,0x00000007bf9fca08,0x00000007bfa00000)
  to   space 6144K, 0% used [0x00000007bfa00000,0x00000007bfa00000,0x00000007c0000000)
 ParOldGen       total 245248K, used 70479K [0x0000000700000000, 0x000000070ef80000, 0x00000007bc400000)
  object space 245248K, 28% used [0x0000000700000000,0x00000007044d3d48,0x000000070ef80000)
 Metaspace       used 66696K, capacity 67142K, committed 67416K, reserved 1107968K
  class space    used 9215K, capacity 9313K, committed 9344K, reserved 1048576K
}

