# JRE version: Java(TM) SE Runtime Environment (8.0_66-b18) (build 1.8.0_66-b18)
# Java VM: Java HotSpot(TM) 64-Bit Server VM (25.66-b18 mixed mode windows-amd64 compressed oops)
Heap:
 PSYoungGen      total 58880K, used 2617K [0x00000007bc400000, 0x00000007c0000000, 0x00000007c0000000)
  eden space 56320K, 2% used [0x00000007bc400000,0x00000007bc51ee50,0x00000007bfb00000)
  from space 2560K, 57% used [0x00000007bfb00000,0x00000007bfc6f958,0x00000007bfd80000)
  to   space 2560K, 0% used [0x00000007bfd80000,0x00000007bfd80000,0x00000007c0000000)
 ParOldGen       total 174080K, used 123693K [0x0000000700000000, 0x000000070aa00000, 0x00000007bc400000)
  object space 174080K, 71% used [0x0000000700000000,0x00000007078cb588,0x000000070aa00000)
 Metaspace       used 64907K, capacity 65362K, committed 66008K, reserved 1105920K
  class space    used 8735K, capacity 8871K, committed 8960K, reserved 1048576K
GC Heap History (10 events):
Event: 3016.301 GC heap before
{Heap before GC invocations=2320 (full 91):
 PSYoungGen      total 58880K, used 57736K [0x00000007bc400000, 0x00000007c0000000, 0x00000007c0000000)
  eden space 56320K, 100% used [0x00000007bc400000,0x00000007bfb00000,0x00000007bfb00000)
  from space 2560K, 55% used [0x00000007bfd80000,0x00000007bfee21a0,0x00000007c0000000)
  to   space 2560K, 0% used [0x00000007bfb00000,0x00000007bfb00000,0x00000007bfd80000)
 ParOldGen       total 174080K, used 122924K [0x0000000700000000, 0x000000070aa00000, 0x00000007bc400000)
  object space 174080K, 70% used [0x0000000700000000,0x000000070780b0c8,0x000000070aa00000)
 Metaspace       used 64895K, capacity 65362K, committed 66008K, reserved 1105920K
  class space    used 8735K, capacity 8871K, committed 8960K, reserved 1048576K
Event: 3016.304 GC heap after
Heap after GC invocations=2320 (full 91):
 PSYoungGen      total 58880K, used 1640K [0x00000007bc400000, 0x00000007c0000000, 0x00000007c0000000)
  eden space 56320K, 0% used [0x00000007bc400000,0x00000007bc400000,0x00000007bfb00000)
  from space 2560K, 64% used [0x00000007bfb00000,0x00000007bfc9a1a0,0x00000007bfd80000)
  to   space 2560K, 0% used [0x00000007bfd80000,0x00000007bfd80000,0x00000007c0000000)
 ParOldGen       total 174080K, used 122924K [0x0000000700000000, 0x000000070aa00000, 0x00000007bc400000)
  object space 174080K, 70% used [0x0000000700000000,0x000000070780b0c8,0x000000070aa00000)
 Metaspace       used 64895K, capacity 65362K, committed 66008K, reserved 1105920K
  class space    used 8735K, capacity 8871K, committed 8960K, reserved 1048576K
}
Event: 3017.935 GC heap before
{Heap before GC invocations=2321 (full 91):
 PSYoungGen      total 58880K, used 57960K [0x00000007bc400000, 0x00000007c0000000, 0x00000007c0000000)
  eden space 56320K, 100% used [0x00000007bc400000,0x00000007bfb00000,0x00000007bfb00000)
  from space 2560K, 64% used [0x00000007bfb00000,0x00000007bfc9a1a0,0x00000007bfd80000)
  to   space 2560K, 0% used [0x00000007bfd80000,0x00000007bfd80000,0x00000007c0000000)
 ParOldGen       total 174080K, used 122924K [0x0000000700000000, 0x000000070aa00000, 0x00000007bc400000)
  object space 174080K, 70% used [0x0000000700000000,0x000000070780b0c8,0x000000070aa00000)
 Metaspace       used 64895K, capacity 65362K, committed 66008K, reserved 1105920K
  class space    used 8735K, capacity 8871K, committed 8960K, reserved 1048576K
Event: 3017.939 GC heap after
Heap after GC invocations=2321 (full 91):
 PSYoungGen      total 58880K, used 1554K [0x00000007bc400000, 0x00000007c0000000, 0x00000007c0000000)
  eden space 56320K, 0% used [0x00000007bc400000,0x00000007bc400000,0x00000007bfb00000)
  from space 2560K, 60% used [0x00000007bfd80000,0x00000007bff04bc8,0x00000007c0000000)
  to   space 2560K, 0% used [0x00000007bfb00000,0x00000007bfb00000,0x00000007bfd80000)
 ParOldGen       total 174080K, used 123020K [0x0000000700000000, 0x000000070aa00000, 0x00000007bc400000)
  object space 174080K, 70% used [0x0000000700000000,0x00000007078230c8,0x000000070aa00000)
 Metaspace       used 64895K, capacity 65362K, committed 66008K, reserved 1105920K
  class space    used 8735K, capacity 8871K, committed 8960K, reserved 1048576K
}
Event: 3018.812 GC heap before
{Heap before GC invocations=2322 (full 91):
 PSYoungGen      total 58880K, used 57874K [0x00000007bc400000, 0x00000007c0000000, 0x00000007c0000000)
  eden space 56320K, 100% used [0x00000007bc400000,0x00000007bfb00000,0x00000007bfb00000)
  from space 2560K, 60% used [0x00000007bfd80000,0x00000007bff04bc8,0x00000007c0000000)
  to   space 2560K, 0% used [0x00000007bfb00000,0x00000007bfb00000,0x00000007bfd80000)
 ParOldGen       total 174080K, used 123020K [0x0000000700000000, 0x000000070aa00000, 0x00000007bc400000)
  object space 174080K, 70% used [0x0000000700000000,0x00000007078230c8,0x000000070aa00000)
 Metaspace       used 64900K, capacity 65362K, committed 66008K, reserved 1105920K
  class space    used 8735K, capacity 8871K, committed 8960K, reserved 1048576K
Event: 3018.815 GC heap after
Heap after GC invocations=2322 (full 91):
 PSYoungGen      total 58880K, used 939K [0x00000007bc400000, 0x00000007c0000000, 0x00000007c0000000)
  eden space 56320K, 0% used [0x00000007bc400000,0x00000007bc400000,0x00000007bfb00000)
  from space 2560K, 36% used [0x00000007bfb00000,0x00000007bfbead58,0x00000007bfd80000)
  to   space 2560K, 0% used [0x00000007bfd80000,0x00000007bfd80000,0x00000007c0000000)
 ParOldGen       total 174080K, used 123581K [0x0000000700000000, 0x000000070aa00000, 0x00000007bc400000)
  object space 174080K, 70% used [0x0000000700000000,0x00000007078af588,0x000000070aa00000)
 Metaspace       used 64900K, capacity 65362K, committed 66008K, reserved 1105920K
  class space    used 8735K, capacity 8871K, committed 8960K, reserved 1048576K
}
Event: 3021.818 GC heap before
{Heap before GC invocations=2323 (full 91):
 PSYoungGen      total 58880K, used 22896K [0x00000007bc400000, 0x00000007c0000000, 0x00000007c0000000)
  eden space 56320K, 38% used [0x00000007bc400000,0x00000007bd971620,0x00000007bfb00000)
  from space 2560K, 36% used [0x00000007bfb00000,0x00000007bfbead58,0x00000007bfd80000)
  to   space 2560K, 0% used [0x00000007bfd80000,0x00000007bfd80000,0x00000007c0000000)
 ParOldGen       total 174080K, used 123581K [0x0000000700000000, 0x000000070aa00000, 0x00000007bc400000)
  object space 174080K, 70% used [0x0000000700000000,0x00000007078af588,0x000000070aa00000)
 Metaspace       used 64900K, capacity 65362K, committed 66008K, reserved 1105920K
  class space    used 8735K, capacity 8871K, committed 8960K, reserved 1048576K
Event: 3021.822 GC heap after
Heap after GC invocations=2323 (full 91):
 PSYoungGen      total 58880K, used 953K [0x00000007bc400000, 0x00000007c0000000, 0x00000007c0000000)
  eden space 56320K, 0% used [0x00000007bc400000,0x00000007bc400000,0x00000007bfb00000)
  from space 2560K, 37% used [0x00000007bfd80000,0x00000007bfe6e6d8,0x00000007c0000000)
  to   space 2560K, 0% used [0x00000007bfb00000,0x00000007bfb00000,0x00000007bfd80000)
 ParOldGen       total 174080K, used 123653K [0x0000000700000000, 0x000000070aa00000, 0x00000007bc400000)
  object space 174080K, 71% used [0x0000000700000000,0x00000007078c1588,0x000000070aa00000)
 Metaspace       used 64900K, capacity 65362K, committed 66008K, reserved 1105920K
  class space    used 8735K, capacity 8871K, committed 8960K, reserved 1048576K
}
Event: 3035.938 GC heap before
{Heap before GC invocations=2324 (full 91):
 PSYoungGen      total 58880K, used 57273K [0x00000007bc400000, 0x00000007c0000000, 0x00000007c0000000)
  eden space 56320K, 100% used [0x00000007bc400000,0x00000007bfb00000,0x00000007bfb00000)
  from space 2560K, 37% used [0x00000007bfd80000,0x00000007bfe6e6d8,0x00000007c0000000)
  to   space 2560K, 0% used [0x00000007bfb00000,0x00000007bfb00000,0x00000007bfd80000)
 ParOldGen       total 174080K, used 123653K [0x0000000700000000, 0x000000070aa00000, 0x00000007bc400000)
  object space 174080K, 71% used [0x0000000700000000,0x00000007078c1588,0x000000070aa00000)
 Metaspace       used 64907K, capacity 65362K, committed 66008K, reserved 1105920K
  class space    used 8735K, capacity 8871K, committed 8960K, reserved 1048576K
Event: 3035.942 GC heap after
Heap after GC invocations=2324 (full 91):
 PSYoungGen      total 58880K, used 1470K [0x00000007bc400000, 0x00000007c0000000, 0x00000007c0000000)
  eden space 56320K, 0% used [0x00000007bc400000,0x00000007bc400000,0x00000007bfb00000)
  from space 2560K, 57% used [0x00000007bfb00000,0x00000007bfc6f958,0x00000007bfd80000)
  to   space 2560K, 0% used [0x00000007bfd80000,0x00000007bfd80000,0x00000007c0000000)
 ParOldGen       total 174080K, used 123693K [0x0000000700000000, 0x000000070aa00000, 0x00000007bc400000)
  object space 174080K, 71% used [0x0000000700000000,0x00000007078cb588,0x000000070aa00000)
 Metaspace       used 64907K, capacity 65362K, committed 66008K, reserved 1105920K
  class space    used 8735K, capacity 8871K, committed 8960K, reserved 1048576K
}

